<?xml version="1.0" encoding="UTF-8"?>
<testsuite xmlns:xsi="http://www.w3.org/2001/XMLSchema-instance"
           xsi:noNamespaceSchemaLocation="https://maven.apache.org/surefire/maven-surefire-plugin/xsd/surefire-test-report-3.0.xsd"
           version="3.0" name="platform.backend.BackendApplicationTests" time="2.842" tests="1" errors="0" skipped="0"
           failures="0">
    <properties>
[...]
</properties>
    <testcase name="contextLoads" classname="platform.backend.BackendApplicationTests" time="0.004">
        <system-out><![CDATA[2023-06-01T11:44:52.545+01:00  INFO 48946 --- [           main] t.c.s.AnnotationConfigContextLoaderUtils : Could not detect default configuration classes for test class [platform.backend.BackendApplicationTests]: BackendApplicationTests does not declare any static, non-private, non-final, nested classes annotated with @Configuration.
2023-06-01T11:44:52.553+01:00  INFO 48946 --- [           main] .b.t.c.SpringBootTestContextBootstrapper : Found @SpringBootConfiguration platform.backend.BackendApplication for test class platform.backend.BackendApplicationTests

  .   ____          _            __ _ _
 /\\ / ___'_ __ _ _(_)_ __  __ _ \ \ \ \
( ( )\___ | '_ | '_| | '_ \/ _` | \ \ \ \
 \\/  ___)| |_)| | | | | || (_| |  ) ) ) )
  '  |____| .__|_| |_|_| |_\__, | / / / /
 =========|_|==============|___/=/_/_/_/
 :: Spring Boot ::                (v3.0.6)

2023-06-01T11:44:52.585+01:00  INFO 48946 --- [           main] p.backend.BackendApplicationTests        : Starting BackendApplicationTests using Java 18.0.2.1 with PID 48946 (started by gabrielhall in /Users/gabrielhall/Documents/UA/3ºAno/TQS_102851/TQS-Project/platform/backend)
2023-06-01T11:44:52.585+01:00  INFO 48946 --- [           main] p.backend.BackendApplicationTests        : No active profile set, falling back to 1 default profile: "default"
2023-06-01T11:44:52.961+01:00  INFO 48946 --- [           main] .s.d.r.c.RepositoryConfigurationDelegate : Bootstrapping Spring Data MongoDB repositories in DEFAULT mode.
2023-06-01T11:44:52.970+01:00  INFO 48946 --- [           main] .s.d.r.c.RepositoryConfigurationDelegate : Finished Spring Data repository scanning in 8 ms. Found 3 MongoDB repository interfaces.
2023-06-01T11:44:53.137+01:00  INFO 48946 --- [           main] org.mongodb.driver.client                : MongoClient with metadata {"driver": {"name": "mongo-java-driver|sync|spring-boot", "version": "4.8.2"}, "os": {"type": "Darwin", "name": "Mac OS X", "architecture": "aarch64", "version": "13.3.1"}, "platform": "Java/Homebrew/18.0.2.1+0"} created with settings MongoClientSettings{readPreference=primary, writeConcern=WriteConcern{w=null, wTimeout=null ms, journal=null}, retryWrites=true, retryReads=true, readConcern=ReadConcern{level=null}, credential=null, streamFactoryFactory=null, commandListeners=[], codecRegistry=ProvidersCodecRegistry{codecProviders=[ValueCodecProvider{}, BsonValueCodecProvider{}, DBRefCodecProvider{}, DBObjectCodecProvider{}, DocumentCodecProvider{}, CollectionCodecProvider{}, IterableCodecProvider{}, MapCodecProvider{}, GeoJsonCodecProvider{}, GridFSFileCodecProvider{}, Jsr310CodecProvider{}, JsonObjectCodecProvider{}, BsonCodecProvider{}, EnumCodecProvider{}, com.mongodb.Jep395RecordCodecProvider@7f02b2d4]}, clusterSettings={hosts=[0.0.0.0:27017], srvServiceName=mongodb, mode=SINGLE, requiredClusterType=UNKNOWN, requiredReplicaSetName='null', serverSelector='null', clusterListeners='[]', serverSelectionTimeout='30000 ms', localThreshold='30000 ms'}, socketSettings=SocketSettings{connectTimeoutMS=10000, readTimeoutMS=0, receiveBufferSize=0, sendBufferSize=0}, heartbeatSocketSettings=SocketSettings{connectTimeoutMS=10000, readTimeoutMS=10000, receiveBufferSize=0, sendBufferSize=0}, connectionPoolSettings=ConnectionPoolSettings{maxSize=100, minSize=0, maxWaitTimeMS=120000, maxConnectionLifeTimeMS=0, maxConnectionIdleTimeMS=0, maintenanceInitialDelayMS=0, maintenanceFrequencyMS=60000, connectionPoolListeners=[], maxConnecting=2}, serverSettings=ServerSettings{heartbeatFrequencyMS=10000, minHeartbeatFrequencyMS=500, serverListeners='[]', serverMonitorListeners='[]'}, sslSettings=SslSettings{enabled=false, invalidHostNameAllowed=false, context=null}, applicationName='null', compressorList=[], uuidRepresentation=JAVA_LEGACY, serverApi=null, autoEncryptionSettings=null, contextProvider=null}
2023-06-01T11:44:53.141+01:00  INFO 48946 --- [}-0.0.0.0:27017] org.mongodb.driver.cluster               : Exception in monitor thread while connecting to server 0.0.0.0:27017

com.mongodb.MongoSocketOpenException: Exception opening socket
	at com.mongodb.internal.connection.SocketStream.open(SocketStream.java:73) ~[mongodb-driver-core-4.8.2.jar:na]
	at com.mongodb.internal.connection.InternalStreamConnection.open(InternalStreamConnection.java:183) ~[mongodb-driver-core-4.8.2.jar:na]
	at com.mongodb.internal.connection.DefaultServerMonitor$ServerMonitorRunnable.lookupServerDescription(DefaultServerMonitor.java:198) ~[mongodb-driver-core-4.8.2.jar:na]
	at com.mongodb.internal.connection.DefaultServerMonitor$ServerMonitorRunnable.run(DefaultServerMonitor.java:158) ~[mongodb-driver-core-4.8.2.jar:na]
	at java.base/java.lang.Thread.run(Thread.java:833) ~[na:na]
Caused by: java.net.ConnectException: Connection refused
	at java.base/sun.nio.ch.Net.pollConnect(Native Method) ~[na:na]
	at java.base/sun.nio.ch.Net.pollConnectNow(Net.java:672) ~[na:na]
	at java.base/sun.nio.ch.NioSocketImpl.timedFinishConnect(NioSocketImpl.java:539) ~[na:na]
	at java.base/sun.nio.ch.NioSocketImpl.connect(NioSocketImpl.java:594) ~[na:na]
	at java.base/java.net.SocksSocketImpl.connect(SocksSocketImpl.java:327) ~[na:na]
	at java.base/java.net.Socket.connect(Socket.java:633) ~[na:na]
	at com.mongodb.internal.connection.SocketStreamHelper.initialize(SocketStreamHelper.java:107) ~[mongodb-driver-core-4.8.2.jar:na]
	at com.mongodb.internal.connection.SocketStream.initializeSocket(SocketStream.java:82) ~[mongodb-driver-core-4.8.2.jar:na]
	at com.mongodb.internal.connection.SocketStream.open(SocketStream.java:68) ~[mongodb-driver-core-4.8.2.jar:na]
	... 4 common frames omitted

2023-06-01T11:44:53.316+01:00  WARN 48946 --- [           main] .s.s.UserDetailsServiceAutoConfiguration : 

Using generated security password: 82b058d6-271f-4f35-9624-7bc38f9cd10e

This generated password is for development use only. Your security configuration must be updated before running your application in production.

2023-06-01T11:44:53.429+01:00  INFO 48946 --- [           main] o.s.s.web.DefaultSecurityFilterChain     : Will secure any request with [org.springframework.security.web.session.DisableEncodeUrlFilter@4135b7f9, org.springframework.security.web.context.request.async.WebAsyncManagerIntegrationFilter@3847fe81, org.springframework.security.web.context.SecurityContextHolderFilter@3d61b36a, org.springframework.security.web.header.HeaderWriterFilter@268467ab, org.springframework.security.web.authentication.logout.LogoutFilter@270b527f, org.springframework.security.web.savedrequest.RequestCacheAwareFilter@7da324d0, org.springframework.security.web.servletapi.SecurityContextHolderAwareRequestFilter@7fd4d278, org.springframework.security.web.authentication.AnonymousAuthenticationFilter@163697a8, org.springframework.security.web.access.ExceptionTranslationFilter@74055597, org.springframework.security.web.access.intercept.AuthorizationFilter@265bea14]
2023-06-01T11:44:55.364+01:00  INFO 48946 --- [           main] p.backend.BackendApplicationTests        : Started BackendApplicationTests in 2.801 seconds (process running for 6.253)
]]></system-out>
    </testcase>
</testsuite>