<?xml version="1.0" encoding="UTF-8"?>
<testsuite xmlns:xsi="http://www.w3.org/2001/XMLSchema-instance" xsi:noNamespaceSchemaLocation="https://maven.apache.org/surefire/maven-surefire-plugin/xsd/surefire-test-report-3.0.xsd" version="3.0" name="platform.backend.controller.AdminControllerTest" time="2.145" tests="4" errors="0" skipped="0" failures="0">
  <properties>
[...]
</properties>
  <testcase name="testRegisterAdminWithValidInput" classname="platform.backend.controller.AdminControllerTest" time="0.701">
    <system-out><![CDATA[2023-06-02T09:17:15.506+01:00  INFO 11160 --- [           main] t.c.s.AnnotationConfigContextLoaderUtils : Could not detect default configuration classes for test class [platform.backend.controller.AdminControllerTest]: AdminControllerTest does not declare any static, non-private, non-final, nested classes annotated with @Configuration.
2023-06-02T09:17:15.533+01:00  INFO 11160 --- [           main] .b.t.c.SpringBootTestContextBootstrapper : Found @SpringBootConfiguration platform.backend.BackendApplication for test class platform.backend.controller.AdminControllerTest

  .   ____          _            __ _ _
 /\\ / ___'_ __ _ _(_)_ __  __ _ \ \ \ \
( ( )\___ | '_ | '_| | '_ \/ _` | \ \ \ \
 \\/  ___)| |_)| | | | | || (_| |  ) ) ) )
  '  |____| .__|_| |_|_| |_\__, | / / / /
 =========|_|==============|___/=/_/_/_/
 :: Spring Boot ::                (v3.0.6)

2023-06-02T09:17:15.569+01:00  INFO 11160 --- [           main] p.b.controller.AdminControllerTest       : Starting AdminControllerTest using Java 17.0.6 with PID 11160 (started by leonardo in C:\Users\leona\Documents\TQS-Project\platform\backend)
2023-06-02T09:17:15.570+01:00  INFO 11160 --- [           main] p.b.controller.AdminControllerTest       : The following 1 profile is active: "test"
2023-06-02T09:17:15.816+01:00  INFO 11160 --- [           main] .s.d.r.c.RepositoryConfigurationDelegate : Bootstrapping Spring Data MongoDB repositories in DEFAULT mode.
2023-06-02T09:17:15.828+01:00  INFO 11160 --- [           main] .s.d.r.c.RepositoryConfigurationDelegate : Finished Spring Data repository scanning in 11 ms. Found 3 MongoDB repository interfaces.
2023-06-02T09:17:15.915+01:00  INFO 11160 --- [           main] org.mongodb.driver.client                : MongoClient with metadata {"driver": {"name": "mongo-java-driver|sync|spring-boot", "version": "4.8.2"}, "os": {"type": "Windows", "name": "Windows 10", "architecture": "amd64", "version": "10.0"}, "platform": "Java/Oracle Corporation/17.0.6+9-LTS-190"} created with settings MongoClientSettings{readPreference=primary, writeConcern=WriteConcern{w=null, wTimeout=null ms, journal=null}, retryWrites=true, retryReads=true, readConcern=ReadConcern{level=null}, credential=null, streamFactoryFactory=null, commandListeners=[], codecRegistry=ProvidersCodecRegistry{codecProviders=[ValueCodecProvider{}, BsonValueCodecProvider{}, DBRefCodecProvider{}, DBObjectCodecProvider{}, DocumentCodecProvider{}, CollectionCodecProvider{}, IterableCodecProvider{}, MapCodecProvider{}, GeoJsonCodecProvider{}, GridFSFileCodecProvider{}, Jsr310CodecProvider{}, JsonObjectCodecProvider{}, BsonCodecProvider{}, EnumCodecProvider{}, com.mongodb.Jep395RecordCodecProvider@5799b8a2]}, clusterSettings={hosts=[localhost:27017], srvServiceName=mongodb, mode=SINGLE, requiredClusterType=UNKNOWN, requiredReplicaSetName='null', serverSelector='null', clusterListeners='[]', serverSelectionTimeout='30000 ms', localThreshold='30000 ms'}, socketSettings=SocketSettings{connectTimeoutMS=10000, readTimeoutMS=0, receiveBufferSize=0, sendBufferSize=0}, heartbeatSocketSettings=SocketSettings{connectTimeoutMS=10000, readTimeoutMS=10000, receiveBufferSize=0, sendBufferSize=0}, connectionPoolSettings=ConnectionPoolSettings{maxSize=100, minSize=0, maxWaitTimeMS=120000, maxConnectionLifeTimeMS=0, maxConnectionIdleTimeMS=0, maintenanceInitialDelayMS=0, maintenanceFrequencyMS=60000, connectionPoolListeners=[], maxConnecting=2}, serverSettings=ServerSettings{heartbeatFrequencyMS=10000, minHeartbeatFrequencyMS=500, serverListeners='[]', serverMonitorListeners='[]'}, sslSettings=SslSettings{enabled=false, invalidHostNameAllowed=false, context=null}, applicationName='null', compressorList=[], uuidRepresentation=JAVA_LEGACY, serverApi=null, autoEncryptionSettings=null, contextProvider=null}
2023-06-02T09:17:15.919+01:00  INFO 11160 --- [localhost:27017] org.mongodb.driver.cluster               : Monitor thread successfully connected to server with description ServerDescription{address=localhost:27017, type=STANDALONE, state=CONNECTED, ok=true, minWireVersion=0, maxWireVersion=17, maxDocumentSize=16777216, logicalSessionTimeoutMinutes=30, roundTripTimeNanos=3539300}
2023-06-02T09:17:16.002+01:00  WARN 11160 --- [           main] .s.s.UserDetailsServiceAutoConfiguration : 

Using generated security password: 8cd800ec-ee51-41f6-974e-cc3bb5bb178d

This generated password is for development use only. Your security configuration must be updated before running your application in production.

2023-06-02T09:17:16.006+01:00  INFO 11160 --- [           main] o.s.s.web.DefaultSecurityFilterChain     : Will secure any request with [org.springframework.security.web.session.DisableEncodeUrlFilter@343f54c7, org.springframework.security.web.context.request.async.WebAsyncManagerIntegrationFilter@10e88abc, org.springframework.security.web.context.SecurityContextHolderFilter@1444fa42, org.springframework.security.web.header.HeaderWriterFilter@115e7c5e, org.springframework.security.web.authentication.logout.LogoutFilter@4ced03c7, org.springframework.security.web.savedrequest.RequestCacheAwareFilter@ffc9278, org.springframework.security.web.servletapi.SecurityContextHolderAwareRequestFilter@1d9643e6, org.springframework.security.web.authentication.AnonymousAuthenticationFilter@7ed47d66, org.springframework.security.web.access.ExceptionTranslationFilter@457af059, org.springframework.security.web.access.intercept.AuthorizationFilter@8cfc918]
2023-06-02T09:17:16.706+01:00  INFO 11160 --- [           main] o.s.b.t.m.w.SpringBootMockServletContext : Initializing Spring TestDispatcherServlet ''
2023-06-02T09:17:16.707+01:00  INFO 11160 --- [           main] o.s.t.web.servlet.TestDispatcherServlet  : Initializing Servlet ''
2023-06-02T09:17:16.708+01:00  INFO 11160 --- [           main] o.s.t.web.servlet.TestDispatcherServlet  : Completed initialization in 1 ms
2023-06-02T09:17:16.718+01:00  INFO 11160 --- [           main] p.b.controller.AdminControllerTest       : Started AdminControllerTest in 1.181 seconds (process running for 9.962)
]]></system-out>
  </testcase>
  <testcase name="testRegisterAdminWithInvalidInput" classname="platform.backend.controller.AdminControllerTest" time="0.009">
    <system-out><![CDATA[2023-06-02T09:17:17.433+01:00  WARN 11160 --- [           main] .w.s.m.s.DefaultHandlerExceptionResolver : Resolved [org.springframework.http.converter.HttpMessageNotReadableException: Required request body is missing: public org.springframework.http.ResponseEntity<platform.backend.model.Admin> platform.backend.controller.AdminController.registerAdmin(platform.backend.model.Admin)]
]]></system-out>
  </testcase>
  <testcase name="testLoginAdminWithValidInput" classname="platform.backend.controller.AdminControllerTest" time="0.123"/>
  <testcase name="testLoginAdminWithInvalidInput" classname="platform.backend.controller.AdminControllerTest" time="0.082"/>
</testsuite>